<?xml version="1.0" encoding="UTF-8"?>
<!-- Generated by org.testng.reporters.JUnitXMLReporter -->
<testsuite ignored="0" hostname="DESKTOP-AGOQQT3" failures="8" tests="35" name="Test" time="72.814" errors="0" timestamp="2024-05-08T12:40:47 IST">
  <testcase classname="Origin.AFMC.Login" name="launch" time="6.022"/>
  <testcase classname="Origin.AFMC.Login" name="launch" time="1.692"/>
  <testcase classname="Origin.AFMC.Login" name="launch" time="1.673"/>
  <testcase classname="Origin.AFMC.Login" name="launch" time="1.84"/>
  <testcase classname="Origin.AFMC.Login" name="launch" time="1.812"/>
  <testcase classname="Origin.AFMC.Login" name="launch" time="1.935"/>
  <testcase classname="Origin.AFMC.Login" name="launch" time="1.851"/>
  <testcase classname="Origin.AFMC.Login" name="launch" time="1.955"/>
  <testcase classname="Origin.AFMC.Login" name="launch" time="1.803"/>
  <testcase classname="Origin.AFMC.Login" name="launch" time="1.909"/>
  <testcase classname="Origin.AFMC.Login" name="launch" time="2.035"/>
  <testcase classname="Origin.AFMC.Login" name="launch" time="2.341">
    <failure type="org.openqa.selenium.NoSuchElementException" message="no such element: Unable to locate element: {&amp;quot;method&amp;quot;:&amp;quot;xpath&amp;quot;,&amp;quot;selector&amp;quot;:&amp;quot;//h1[@class=&amp;apos;prod-heading&amp;apos;]&amp;quot;}
  (Session info: chrome-headless-shell=124.0.6367.119)
For documentation on this error, please visit: https://www.selenium.dev/documentation/webdriver/troubleshooting/errors#no-such-element-exception
Build info: version: &amp;apos;4.14.1&amp;apos;, revision: &amp;apos;03f8ede370&amp;apos;
System info: os.name: &amp;apos;Windows 11&amp;apos;, os.arch: &amp;apos;amd64&amp;apos;, os.version: &amp;apos;10.0&amp;apos;, java.version: &amp;apos;21.0.1&amp;apos;
Driver info: org.openqa.selenium.chrome.ChromeDriver
Command: [2f4d493783614838330ea5374ca7fb91, findElement {using=xpath, value=//h1[@class=&amp;apos;prod-heading&amp;apos;]}]
Capabilities {acceptInsecureCerts: false, browserName: chrome-headless-shell, browserVersion: 124.0.6367.119, chrome: {chromedriverVersion: 124.0.6367.155 (df4f029328b..., userDataDir: C:\Users\Acviss\AppData\Loc...}, fedcm:accounts: true, goog:chromeOptions: {debuggerAddress: localhost:62328}, networkConnectionEnabled: false, pageLoadStrategy: normal, platformName: windows, proxy: Proxy(), se:cdp: ws://localhost:62328/devtoo..., se:cdpVersion: 124.0.6367.119, setWindowRect: true, strictFileInteractability: false, timeouts: {implicit: 0, pageLoad: 300000, script: 30000}, unhandledPromptBehavior: dismiss and notify, webauthn:extension:credBlob: true, webauthn:extension:largeBlob: true, webauthn:extension:minPinLength: true, webauthn:extension:prf: true, webauthn:virtualAuthenticators: true}
Session ID: 2f4d493783614838330ea5374ca7fb91">
      <![CDATA[org.openqa.selenium.NoSuchElementException: no such element: Unable to locate element: {"method":"xpath","selector":"//h1[@class='prod-heading']"}
  (Session info: chrome-headless-shell=124.0.6367.119)
For documentation on this error, please visit: https://www.selenium.dev/documentation/webdriver/troubleshooting/errors#no-such-element-exception
Build info: version: '4.14.1', revision: '03f8ede370'
System info: os.name: 'Windows 11', os.arch: 'amd64', os.version: '10.0', java.version: '21.0.1'
Driver info: org.openqa.selenium.chrome.ChromeDriver
Command: [2f4d493783614838330ea5374ca7fb91, findElement {using=xpath, value=//h1[@class='prod-heading']}]
Capabilities {acceptInsecureCerts: false, browserName: chrome-headless-shell, browserVersion: 124.0.6367.119, chrome: {chromedriverVersion: 124.0.6367.155 (df4f029328b..., userDataDir: C:\Users\Acviss\AppData\Loc...}, fedcm:accounts: true, goog:chromeOptions: {debuggerAddress: localhost:62328}, networkConnectionEnabled: false, pageLoadStrategy: normal, platformName: windows, proxy: Proxy(), se:cdp: ws://localhost:62328/devtoo..., se:cdpVersion: 124.0.6367.119, setWindowRect: true, strictFileInteractability: false, timeouts: {implicit: 0, pageLoad: 300000, script: 30000}, unhandledPromptBehavior: dismiss and notify, webauthn:extension:credBlob: true, webauthn:extension:largeBlob: true, webauthn:extension:minPinLength: true, webauthn:extension:prf: true, webauthn:virtualAuthenticators: true}
Session ID: 2f4d493783614838330ea5374ca7fb91
at org.openqa.selenium.remote.codec.w3c.W3CHttpResponseCodec.createException(W3CHttpResponseCodec.java:200)
at org.openqa.selenium.remote.codec.w3c.W3CHttpResponseCodec.decode(W3CHttpResponseCodec.java:133)
at org.openqa.selenium.remote.codec.w3c.W3CHttpResponseCodec.decode(W3CHttpResponseCodec.java:52)
at org.openqa.selenium.remote.HttpCommandExecutor.execute(HttpCommandExecutor.java:191)
at org.openqa.selenium.remote.service.DriverCommandExecutor.invokeExecute(DriverCommandExecutor.java:200)
at org.openqa.selenium.remote.service.DriverCommandExecutor.execute(DriverCommandExecutor.java:175)
at org.openqa.selenium.remote.RemoteWebDriver.execute(RemoteWebDriver.java:602)
at org.openqa.selenium.remote.ElementLocation$ElementFinder$2.findElement(ElementLocation.java:165)
at org.openqa.selenium.remote.ElementLocation.findElement(ElementLocation.java:59)
at org.openqa.selenium.remote.RemoteWebDriver.findElement(RemoteWebDriver.java:359)
at org.openqa.selenium.remote.RemoteWebDriver.findElement(RemoteWebDriver.java:353)
at Origin.AFMC.Login.launch(Login.java:27)
at java.base/java.util.ArrayList.forEach(ArrayList.java:1596)
... Removed 28 stack frames]]>
    </failure>
  </testcase> <!-- launch -->
  <testcase classname="Origin.AFMC.Login" name="launch" time="1.756">
    <failure type="java.lang.AssertionError" message="Pack mismatch expected [true] but found [false]">
      <![CDATA[java.lang.AssertionError: Pack mismatch expected [true] but found [false]
at Origin.AFMC.Login.launch(Login.java:62)
at java.base/java.util.ArrayList.forEach(ArrayList.java:1596)
... Removed 28 stack frames]]>
    </failure>
  </testcase> <!-- launch -->
  <testcase classname="Origin.AFMC.Login" name="launch" time="1.611">
    <failure type="java.lang.AssertionError" message="Pack mismatch expected [true] but found [false]">
      <![CDATA[java.lang.AssertionError: Pack mismatch expected [true] but found [false]
at Origin.AFMC.Login.launch(Login.java:62)
at java.base/java.util.ArrayList.forEach(ArrayList.java:1596)
... Removed 28 stack frames]]>
    </failure>
  </testcase> <!-- launch -->
  <testcase classname="Origin.AFMC.Login" name="launch" time="1.442">
    <failure type="java.lang.AssertionError" message="Pack mismatch expected [true] but found [false]">
      <![CDATA[java.lang.AssertionError: Pack mismatch expected [true] but found [false]
at Origin.AFMC.Login.launch(Login.java:62)
at java.base/java.util.ArrayList.forEach(ArrayList.java:1596)
... Removed 28 stack frames]]>
    </failure>
  </testcase> <!-- launch -->
  <testcase classname="Origin.AFMC.Login" name="launch" time="1.727">
    <failure type="java.lang.AssertionError" message="Pack mismatch expected [true] but found [false]">
      <![CDATA[java.lang.AssertionError: Pack mismatch expected [true] but found [false]
at Origin.AFMC.Login.launch(Login.java:62)
at java.base/java.util.ArrayList.forEach(ArrayList.java:1596)
... Removed 28 stack frames]]>
    </failure>
  </testcase> <!-- launch -->
  <testcase classname="Origin.AFMC.Login" name="launch" time="1.699">
    <failure type="java.lang.AssertionError" message="Pack mismatch expected [true] but found [false]">
      <![CDATA[java.lang.AssertionError: Pack mismatch expected [true] but found [false]
at Origin.AFMC.Login.launch(Login.java:62)
at java.base/java.util.ArrayList.forEach(ArrayList.java:1596)
... Removed 28 stack frames]]>
    </failure>
  </testcase> <!-- launch -->
  <testcase classname="Origin.AFMC.Login" name="launch" time="1.691">
    <failure type="java.lang.AssertionError" message="Pack mismatch expected [true] but found [false]">
      <![CDATA[java.lang.AssertionError: Pack mismatch expected [true] but found [false]
at Origin.AFMC.Login.launch(Login.java:62)
at java.base/java.util.ArrayList.forEach(ArrayList.java:1596)
... Removed 28 stack frames]]>
    </failure>
  </testcase> <!-- launch -->
  <testcase classname="Origin.AFMC.Login" name="launch" time="1.987">
    <failure type="java.lang.AssertionError" message="Pack mismatch expected [true] but found [false]">
      <![CDATA[java.lang.AssertionError: Pack mismatch expected [true] but found [false]
at Origin.AFMC.Login.launch(Login.java:62)
at java.base/java.util.ArrayList.forEach(ArrayList.java:1596)
... Removed 28 stack frames]]>
    </failure>
  </testcase> <!-- launch -->
  <testcase classname="Origin.AFMC.Login" name="launch" time="1.637"/>
  <testcase classname="Origin.AFMC.Login" name="launch" time="1.851"/>
  <testcase classname="Origin.AFMC.Login" name="launch" time="1.619"/>
  <testcase classname="Origin.AFMC.Login" name="launch" time="1.844"/>
  <testcase classname="Origin.AFMC.Login" name="launch" time="1.763"/>
  <testcase classname="Origin.AFMC.Login" name="launch" time="2.02"/>
  <testcase classname="Origin.AFMC.Login" name="launch" time="4.4"/>
  <testcase classname="Origin.AFMC.Login" name="launch" time="1.918"/>
  <testcase classname="Origin.AFMC.Login" name="launch" time="1.807"/>
  <testcase classname="Origin.AFMC.Login" name="launch" time="1.677"/>
  <testcase classname="Origin.AFMC.Login" name="launch" time="2.037"/>
  <testcase classname="Origin.AFMC.Login" name="launch" time="1.958"/>
  <testcase classname="Origin.AFMC.Login" name="launch" time="1.84"/>
  <testcase classname="Origin.AFMC.Login" name="launch" time="1.854"/>
  <testcase classname="Origin.AFMC.Login" name="launch" time="1.71"/>
  <testcase classname="Origin.AFMC.Login" name="launch" time="1.716"/>
</testsuite> <!-- Test -->
