{"uuid":"9a210c7b-4e9d-4cd5-9bfa-1d3fbf1cbbc7","historyId":"941a4ead140544b5670b76f90971a6e2","fullName":"Origin.AFMC.Login.launch","labels":[{"name":"package","value":"Origin.AFMC.Login"},{"name":"testClass","value":"Origin.AFMC.Login"},{"name":"testMethod","value":"launch"},{"name":"parentSuite","value":"Default suite"},{"name":"suite","value":"Default test"},{"name":"subSuite","value":"Origin.AFMC.Login"},{"name":"host","value":"DESKTOP-AGOQQT3"},{"name":"thread","value":"8404@DESKTOP-AGOQQT3.main(1)"},{"name":"framework","value":"testng"},{"name":"language","value":"java"}],"links":[],"name":"launch","status":"broken","statusDetails":{"known":false,"muted":false,"flaky":false,"message":"Unable to obtain: Capabilities {browserName: chrome, goog:chromeOptions: {args: [--remote-allow-origins=*], extensions: []}}, error Failed to parse json output, executed: [--browser, chrome, --output, json]\n{\n  \"logs\": [\n    {\n      \"level\": \"INFO\",\n      \"timestamp\": 1713932727,\n      \"message\": \"Driver path: C:\\\\Users\\\\Acviss\\\\.cache\\\\selenium\\\\chromedriver\\\\win64\\\\124.0.6367.78\\\\chromedriver.exe\"\n    },\n    {\n      \"level\": \"INFO\",\n      \"timestamp\": 1713932727,\n      \"message\": \"Browser path: C:\\\\Program Files\\\\Google\\\\Chrome\\\\Application\\\\chrome.exe\"\n    }\n  ],\n  \"result\": {\n    \"code\": 0,\n    \"message\": \"C:\\\\Users\\\\Acviss\\\\.cache\\\\selenium\\\\chromedriver\\\\win64\\\\124.0.6367.78\\\\chromedriver.exe\",\n    \"driver_path\": \"C:\\\\Users\\\\Acviss\\\\.cache\\\\selenium\\\\chromedriver\\\\win64\\\\124.0.6367.78\\\\chromedriver.exe\",\n    \"browser_path\": \"C:\\\\Program Files\\\\Google\\\\Chrome\\\\Application\\\\chrome.exe\"\n  }\n","trace":"org.openqa.selenium.remote.NoSuchDriverException: Unable to obtain: Capabilities {browserName: chrome, goog:chromeOptions: {args: [--remote-allow-origins=*], extensions: []}}, error Failed to parse json output, executed: [--browser, chrome, --output, json]\n{\n  \"logs\": [\n    {\n      \"level\": \"INFO\",\n      \"timestamp\": 1713932727,\n      \"message\": \"Driver path: C:\\\\Users\\\\Acviss\\\\.cache\\\\selenium\\\\chromedriver\\\\win64\\\\124.0.6367.78\\\\chromedriver.exe\"\n    },\n    {\n      \"level\": \"INFO\",\n      \"timestamp\": 1713932727,\n      \"message\": \"Browser path: C:\\\\Program Files\\\\Google\\\\Chrome\\\\Application\\\\chrome.exe\"\n    }\n  ],\n  \"result\": {\n    \"code\": 0,\n    \"message\": \"C:\\\\Users\\\\Acviss\\\\.cache\\\\selenium\\\\chromedriver\\\\win64\\\\124.0.6367.78\\\\chromedriver.exe\",\n    \"driver_path\": \"C:\\\\Users\\\\Acviss\\\\.cache\\\\selenium\\\\chromedriver\\\\win64\\\\124.0.6367.78\\\\chromedriver.exe\",\n    \"browser_path\": \"C:\\\\Program Files\\\\Google\\\\Chrome\\\\Application\\\\chrome.exe\"\n  }\n\r\n\tat org.openqa.selenium.remote.service.DriverFinder.getPath(DriverFinder.java:25)\r\n\tat org.openqa.selenium.remote.service.DriverFinder.getPath(DriverFinder.java:13)\r\n\tat org.openqa.selenium.chrome.ChromeDriver.generateExecutor(ChromeDriver.java:99)\r\n\tat org.openqa.selenium.chrome.ChromeDriver.<init>(ChromeDriver.java:88)\r\n\tat org.openqa.selenium.chrome.ChromeDriver.<init>(ChromeDriver.java:83)\r\n\tat org.openqa.selenium.chrome.ChromeDriver.<init>(ChromeDriver.java:72)\r\n\tat Origin.AFMC.Base.browserconfig(Base.java:57)\r\n\tat Origin.AFMC.Login.launch(Login.java:35)\r\n\tat java.base/jdk.internal.reflect.DirectMethodHandleAccessor.invoke(DirectMethodHandleAccessor.java:103)\r\n\tat java.base/java.lang.reflect.Method.invoke(Method.java:580)\r\n\tat org.testng.internal.MethodInvocationHelper.invokeMethod(MethodInvocationHelper.java:133)\r\n\tat org.testng.internal.TestInvoker.invokeMethod(TestInvoker.java:598)\r\n\tat org.testng.internal.TestInvoker.invokeTestMethod(TestInvoker.java:173)\r\n\tat org.testng.internal.MethodRunner.runInSequence(MethodRunner.java:46)\r\n\tat org.testng.internal.TestInvoker$MethodInvocationAgent.invoke(TestInvoker.java:824)\r\n\tat org.testng.internal.TestInvoker.invokeTestMethods(TestInvoker.java:146)\r\n\tat org.testng.internal.TestMethodWorker.invokeTestMethods(TestMethodWorker.java:146)\r\n\tat org.testng.internal.TestMethodWorker.run(TestMethodWorker.java:128)\r\n\tat java.base/java.util.ArrayList.forEach(ArrayList.java:1596)\r\n\tat org.testng.TestRunner.privateRun(TestRunner.java:794)\r\n\tat org.testng.TestRunner.run(TestRunner.java:596)\r\n\tat org.testng.SuiteRunner.runTest(SuiteRunner.java:377)\r\n\tat org.testng.SuiteRunner.runSequentially(SuiteRunner.java:371)\r\n\tat org.testng.SuiteRunner.privateRun(SuiteRunner.java:332)\r\n\tat org.testng.SuiteRunner.run(SuiteRunner.java:276)\r\n\tat org.testng.SuiteRunnerWorker.runSuite(SuiteRunnerWorker.java:53)\r\n\tat org.testng.SuiteRunnerWorker.run(SuiteRunnerWorker.java:96)\r\n\tat org.testng.TestNG.runSuitesSequentially(TestNG.java:1212)\r\n\tat org.testng.TestNG.runSuitesLocally(TestNG.java:1134)\r\n\tat org.testng.TestNG.runSuites(TestNG.java:1063)\r\n\tat org.testng.TestNG.run(TestNG.java:1031)\r\n\tat org.testng.remote.AbstractRemoteTestNG.run(AbstractRemoteTestNG.java:115)\r\n\tat org.testng.remote.RemoteTestNG.initAndRun(RemoteTestNG.java:251)\r\n\tat org.testng.remote.RemoteTestNG.main(RemoteTestNG.java:77)\r\nCaused by: org.openqa.selenium.WebDriverException: Failed to parse json output, executed: [--browser, chrome, --output, json]\n{\n  \"logs\": [\n    {\n      \"level\": \"INFO\",\n      \"timestamp\": 1713932727,\n      \"message\": \"Driver path: C:\\\\Users\\\\Acviss\\\\.cache\\\\selenium\\\\chromedriver\\\\win64\\\\124.0.6367.78\\\\chromedriver.exe\"\n    },\n    {\n      \"level\": \"INFO\",\n      \"timestamp\": 1713932727,\n      \"message\": \"Browser path: C:\\\\Program Files\\\\Google\\\\Chrome\\\\Application\\\\chrome.exe\"\n    }\n  ],\n  \"result\": {\n    \"code\": 0,\n    \"message\": \"C:\\\\Users\\\\Acviss\\\\.cache\\\\selenium\\\\chromedriver\\\\win64\\\\124.0.6367.78\\\\chromedriver.exe\",\n    \"driver_path\": \"C:\\\\Users\\\\Acviss\\\\.cache\\\\selenium\\\\chromedriver\\\\win64\\\\124.0.6367.78\\\\chromedriver.exe\",\n    \"browser_path\": \"C:\\\\Program Files\\\\Google\\\\Chrome\\\\Application\\\\chrome.exe\"\n  }\n\r\n\tat org.openqa.selenium.manager.SeleniumManager.runCommand(SeleniumManager.java:151)\r\n\tat org.openqa.selenium.manager.SeleniumManager.getDriverPath(SeleniumManager.java:304)\r\n\tat org.openqa.selenium.remote.service.DriverFinder.getPath(DriverFinder.java:22)\r\n\t... 33 more\r\nCaused by: org.openqa.selenium.json.JsonException: Unable to parse: {\n  \"logs\": [\n    {\n      \"level\": \"INFO\",\n      \"timestamp\": 1713932727,\n      \"message\": \"Driver path: C:\\\\Users\\\\Acviss\\\\.cache\\\\selenium\\\\chromedriver\\\\win64\\\\124.0.6367.78\\\\chromedriver.exe\"\n    },\n    {\n      \"level\": \"INFO\",\n      \"timestamp\": 1713932727,\n      \"message\": \"Browser path: C:\\\\Program Files\\\\Google\\\\Chrome\\\\Application\\\\chrome.exe\"\n    }\n  ],\n  \"result\": {\n    \"code\": 0,\n    \"message\": \"C:\\\\Users\\\\Acviss\\\\.cache\\\\selenium\\\\chromedriver\\\\win64\\\\124.0.6367.78\\\\chromedriver.exe\",\n    \"driver_path\": \"C:\\\\Users\\\\Acviss\\\\.cache\\\\selenium\\\\chromedriver\\\\win64\\\\124.0.6367.78\\\\chromedriver.exe\",\n    \"browser_path\": \"C:\\\\Program Files\\\\Google\\\\Chrome\\\\Application\\\\chrome.exe\"\n  }\n\r\n\tat org.openqa.selenium.json.Json.toType(Json.java:169)\r\n\tat org.openqa.selenium.json.Json.toType(Json.java:152)\r\n\tat org.openqa.selenium.manager.SeleniumManager.runCommand(SeleniumManager.java:132)\r\n\t... 35 more\r\nCaused by: org.openqa.selenium.json.JsonException: Expected to read a NAME but instead have: END. Last 128 characters read: \\\\win64\\\\124.0.6367.78\\\\chromedriver.exe\",\n    \"browser_path\": \"C:\\\\Program Files\\\\Google\\\\Chrome\\\\Application\\\\chrome.exe\"\n  }\n\nBuild info: version: '4.14.1', revision: '03f8ede370'\nSystem info: os.name: 'Windows 11', os.arch: 'amd64', os.version: '10.0', java.version: '21.0.1'\nDriver info: driver.version: ChromeDriver\r\n\tat org.openqa.selenium.json.JsonInput.expect(JsonInput.java:443)\r\n\tat org.openqa.selenium.json.JsonInput.nextName(JsonInput.java:188)\r\n\tat org.openqa.selenium.json.InstanceCoercer.lambda$apply$0(InstanceCoercer.java:79)\r\n\tat org.openqa.selenium.json.JsonTypeCoercer.lambda$buildCoercer$6(JsonTypeCoercer.java:174)\r\n\tat org.openqa.selenium.json.JsonTypeCoercer.coerce(JsonTypeCoercer.java:149)\r\n\tat org.openqa.selenium.json.Json.toType(Json.java:206)\r\n\tat org.openqa.selenium.json.Json.toType(Json.java:167)\r\n\t... 37 more\r\n"},"stage":"finished","steps":[],"attachments":[],"parameters":[{"name":"arg3","value":"0424IB0069"},{"name":"arg2","value":"7.5KG"},{"name":"arg5","value":"15-Apr-2026"},{"name":"arg4","value":"16-Apr-2024"},{"name":"arg1","value":"FERTERRA"},{"name":"arg0","value":"K44F-HQD-5CE"}],"start":1713932727446,"stop":1713932727772}